[2025-04-16 15:57:48:2592] INFO  29012 --- [    Test worker] com.study.springboot.LogTest             : Started LogTest in 2.113 seconds (process running for 3.477)
[2025-04-16 15:57:48:2601] DEBUG 29012 --- [    Test worker] o.s.b.a.ApplicationAvailabilityBean      : Application availability state LivenessState changed to CORRECT
[2025-04-16 15:57:48:2606] DEBUG 29012 --- [    Test worker] o.s.b.a.ApplicationAvailabilityBean      : Application availability state ReadinessState changed to ACCEPTING_TRAFFIC
[2025-04-16 15:57:48:2610] DEBUG 29012 --- [    Test worker] o.springframework.test.context.cache     : Spring test ApplicationContext cache statistics: [DefaultContextCache@44d7e24 size = 1, maxSize = 32, parentContextCount = 0, hitCount = 0, missCount = 1, failureCount = 0]
[2025-04-16 15:57:48:2612] DEBUG 29012 --- [    Test worker] o.s.t.c.w.ServletTestExecutionListener   : Setting up MockHttpServletRequest, MockHttpServletResponse, ServletWebRequest, and RequestContextHolder for test class com.study.springboot.LogTest
[2025-04-16 15:57:49:2646] DEBUG 29012 --- [    Test worker] DependencyInjectionTestExecutionListener : Performing dependency injection for test class com.study.springboot.LogTest
[2025-04-16 15:57:49:2647] DEBUG 29012 --- [    Test worker] o.springframework.test.context.cache     : Spring test ApplicationContext cache statistics: [DefaultContextCache@44d7e24 size = 1, maxSize = 32, parentContextCount = 0, hitCount = 1, missCount = 1, failureCount = 0]
[2025-04-16 15:57:49:2649] DEBUG 29012 --- [    Test worker] o.springframework.test.context.cache     : Spring test ApplicationContext cache statistics: [DefaultContextCache@44d7e24 size = 1, maxSize = 32, parentContextCount = 0, hitCount = 2, missCount = 1, failureCount = 0]
[2025-04-16 15:57:49:2655] DEBUG 29012 --- [    Test worker] sContextBeforeModesTestExecutionListener : Before test method: class [LogTest], method [testSlf4j], class annotated with @DirtiesContext [false] with mode [null], method annotated with @DirtiesContext [false] with mode [null]
[2025-04-16 15:57:49:2656] DEBUG 29012 --- [    Test worker] o.springframework.test.context.cache     : Spring test ApplicationContext cache statistics: [DefaultContextCache@44d7e24 size = 1, maxSize = 32, parentContextCount = 0, hitCount = 3, missCount = 1, failureCount = 0]
[2025-04-16 15:57:49:2657] DEBUG 29012 --- [    Test worker] o.springframework.test.context.cache     : Spring test ApplicationContext cache statistics: [DefaultContextCache@44d7e24 size = 1, maxSize = 32, parentContextCount = 0, hitCount = 4, missCount = 1, failureCount = 0]
[2025-04-16 15:57:49:3485] DEBUG 29012 --- [    Test worker] o.springframework.test.context.cache     : Spring test ApplicationContext cache statistics: [DefaultContextCache@44d7e24 size = 1, maxSize = 32, parentContextCount = 0, hitCount = 5, missCount = 1, failureCount = 0]
[2025-04-16 15:57:49:3488] DEBUG 29012 --- [    Test worker] o.springframework.test.context.cache     : Spring test ApplicationContext cache statistics: [DefaultContextCache@44d7e24 size = 1, maxSize = 32, parentContextCount = 0, hitCount = 6, missCount = 1, failureCount = 0]
[2025-04-16 15:57:49:3492] DEBUG 29012 --- [    Test worker] com.study.springboot.LogTest             : slf4j debug 로깅 1
[2025-04-16 15:57:49:3497] INFO  29012 --- [    Test worker] com.study.springboot.LogTest             : slf4j info 로깅 2
[2025-04-16 15:57:49:3497] WARN  29012 --- [    Test worker] com.study.springboot.LogTest             : slf4j warn 로깅 3
[2025-04-16 15:57:49:3497] ERROR 29012 --- [    Test worker] com.study.springboot.LogTest             : slf4j error 로깅 4
[2025-04-16 15:57:49:3499] DEBUG 29012 --- [    Test worker] o.springframework.test.context.cache     : Spring test ApplicationContext cache statistics: [DefaultContextCache@44d7e24 size = 1, maxSize = 32, parentContextCount = 0, hitCount = 7, missCount = 1, failureCount = 0]
[2025-04-16 15:57:49:3499] DEBUG 29012 --- [    Test worker] o.springframework.test.context.cache     : Spring test ApplicationContext cache statistics: [DefaultContextCache@44d7e24 size = 1, maxSize = 32, parentContextCount = 0, hitCount = 8, missCount = 1, failureCount = 0]
[2025-04-16 15:57:49:3500] DEBUG 29012 --- [    Test worker] o.springframework.test.context.cache     : Spring test ApplicationContext cache statistics: [DefaultContextCache@44d7e24 size = 1, maxSize = 32, parentContextCount = 0, hitCount = 9, missCount = 1, failureCount = 0]
[2025-04-16 15:57:49:3500] DEBUG 29012 --- [    Test worker] o.springframework.test.context.cache     : Spring test ApplicationContext cache statistics: [DefaultContextCache@44d7e24 size = 1, maxSize = 32, parentContextCount = 0, hitCount = 10, missCount = 1, failureCount = 0]
[2025-04-16 15:57:49:3500] DEBUG 29012 --- [    Test worker] o.springframework.test.context.cache     : Spring test ApplicationContext cache statistics: [DefaultContextCache@44d7e24 size = 1, maxSize = 32, parentContextCount = 0, hitCount = 11, missCount = 1, failureCount = 0]
[2025-04-16 15:57:49:3502] DEBUG 29012 --- [    Test worker] o.springframework.test.context.cache     : Spring test ApplicationContext cache statistics: [DefaultContextCache@44d7e24 size = 1, maxSize = 32, parentContextCount = 0, hitCount = 12, missCount = 1, failureCount = 0]
[2025-04-16 15:57:49:3504] DEBUG 29012 --- [    Test worker] o.springframework.test.context.cache     : Spring test ApplicationContext cache statistics: [DefaultContextCache@44d7e24 size = 1, maxSize = 32, parentContextCount = 0, hitCount = 13, missCount = 1, failureCount = 0]
[2025-04-16 15:57:49:3504] DEBUG 29012 --- [    Test worker] .c.s.DirtiesContextTestExecutionListener : After test method: class [LogTest], method [testSlf4j], class annotated with @DirtiesContext [false] with mode [null], method annotated with @DirtiesContext [false] with mode [null]
[2025-04-16 15:57:49:3505] DEBUG 29012 --- [    Test worker] o.s.t.c.w.ServletTestExecutionListener   : Resetting RequestContextHolder for test class com.study.springboot.LogTest
[2025-04-16 15:57:49:3514] DEBUG 29012 --- [    Test worker] o.springframework.test.context.cache     : Spring test ApplicationContext cache statistics: [DefaultContextCache@44d7e24 size = 1, maxSize = 32, parentContextCount = 0, hitCount = 14, missCount = 1, failureCount = 0]
[2025-04-16 15:57:49:3514] DEBUG 29012 --- [    Test worker] o.springframework.test.context.cache     : Spring test ApplicationContext cache statistics: [DefaultContextCache@44d7e24 size = 1, maxSize = 32, parentContextCount = 0, hitCount = 15, missCount = 1, failureCount = 0]
[2025-04-16 15:57:49:3514] DEBUG 29012 --- [    Test worker] .c.s.DirtiesContextTestExecutionListener : After test class: class [LogTest], class annotated with @DirtiesContext [false] with mode [null]
[2025-04-16 15:57:49:3522] DEBUG 29012 --- [ionShutdownHook] o.s.w.c.s.GenericWebApplicationContext   : Closing org.springframework.web.context.support.GenericWebApplicationContext@7f08caf, started on Wed Apr 16 15:57:47 KST 2025
[2025-04-16 15:57:49:3522] DEBUG 29012 --- [ionShutdownHook] o.s.c.s.DefaultLifecycleProcessor        : Stopping beans in phase 1073741823
[2025-04-16 15:57:49:3523] DEBUG 29012 --- [ionShutdownHook] o.s.c.s.DefaultLifecycleProcessor        : Bean 'applicationTaskExecutor' completed its stop procedure
[2025-04-16 15:57:49:3523] DEBUG 29012 --- [ionShutdownHook] o.s.c.s.DefaultLifecycleProcessor        : Stopping beans in phase -2147483647
[2025-04-16 15:57:49:3523] DEBUG 29012 --- [ionShutdownHook] o.s.c.s.DefaultLifecycleProcessor        : Bean 'springBootLoggingLifecycle' completed its stop procedure
[2025-04-16 15:57:49:3523] DEBUG 29012 --- [ionShutdownHook] o.s.s.c.ThreadPoolTaskExecutor           : Shutting down ExecutorService 'applicationTaskExecutor'
